Determining if the Q_WS_X11 exist failed with the following output:
Change Dir: /Users/michaelguarino/ShapePopulationViewer/CMakeFiles/CMakeTmp

Run Build Command:/usr/bin/make "cmTryCompileExec1823417125/fast"
/usr/bin/make -f CMakeFiles/cmTryCompileExec1823417125.dir/build.make CMakeFiles/cmTryCompileExec1823417125.dir/build
"/Applications/CMake 2.8-10.app/Contents/bin/cmake" -E cmake_progress_report /Users/michaelguarino/ShapePopulationViewer/CMakeFiles/CMakeTmp/CMakeFiles 1
Building CXX object CMakeFiles/cmTryCompileExec1823417125.dir/CheckSymbolExists.cxx.o
/usr/bin/c++    -Wno-deprecated -mlong-branch   -F/Library/Frameworks    -o CMakeFiles/cmTryCompileExec1823417125.dir/CheckSymbolExists.cxx.o -c /Users/michaelguarino/ShapePopulationViewer/CMakeFiles/CMakeTmp/CheckSymbolExists.cxx
/Users/michaelguarino/ShapePopulationViewer/CMakeFiles/CMakeTmp/CheckSymbolExists.cxx: In function ‘int main(int, char**)’:
/Users/michaelguarino/ShapePopulationViewer/CMakeFiles/CMakeTmp/CheckSymbolExists.cxx:8: error: ‘Q_WS_X11’ was not declared in this scope
make[1]: *** [CMakeFiles/cmTryCompileExec1823417125.dir/CheckSymbolExists.cxx.o] Error 1
make: *** [cmTryCompileExec1823417125/fast] Error 2

File /Users/michaelguarino/ShapePopulationViewer/CMakeFiles/CMakeTmp/CheckSymbolExists.cxx:
/* */
#include <QtCore/qglobal.h>

int main(int argc, char** argv)
{
  (void)argv;
#ifndef Q_WS_X11
  return ((int*)(&Q_WS_X11))[argc];
#else
  (void)argc;
  return 0;
#endif
}

Determining if the Q_WS_WIN exist failed with the following output:
Change Dir: /Users/michaelguarino/ShapePopulationViewer/CMakeFiles/CMakeTmp

Run Build Command:/usr/bin/make "cmTryCompileExec1496044451/fast"
/usr/bin/make -f CMakeFiles/cmTryCompileExec1496044451.dir/build.make CMakeFiles/cmTryCompileExec1496044451.dir/build
"/Applications/CMake 2.8-10.app/Contents/bin/cmake" -E cmake_progress_report /Users/michaelguarino/ShapePopulationViewer/CMakeFiles/CMakeTmp/CMakeFiles 1
Building CXX object CMakeFiles/cmTryCompileExec1496044451.dir/CheckSymbolExists.cxx.o
/usr/bin/c++    -Wno-deprecated -mlong-branch   -F/Library/Frameworks    -o CMakeFiles/cmTryCompileExec1496044451.dir/CheckSymbolExists.cxx.o -c /Users/michaelguarino/ShapePopulationViewer/CMakeFiles/CMakeTmp/CheckSymbolExists.cxx
/Users/michaelguarino/ShapePopulationViewer/CMakeFiles/CMakeTmp/CheckSymbolExists.cxx: In function ‘int main(int, char**)’:
/Users/michaelguarino/ShapePopulationViewer/CMakeFiles/CMakeTmp/CheckSymbolExists.cxx:8: error: ‘Q_WS_WIN’ was not declared in this scope
make[1]: *** [CMakeFiles/cmTryCompileExec1496044451.dir/CheckSymbolExists.cxx.o] Error 1
make: *** [cmTryCompileExec1496044451/fast] Error 2

File /Users/michaelguarino/ShapePopulationViewer/CMakeFiles/CMakeTmp/CheckSymbolExists.cxx:
/* */
#include <QtCore/qglobal.h>

int main(int argc, char** argv)
{
  (void)argv;
#ifndef Q_WS_WIN
  return ((int*)(&Q_WS_WIN))[argc];
#else
  (void)argc;
  return 0;
#endif
}

Determining if the Q_WS_QWS exist failed with the following output:
Change Dir: /Users/michaelguarino/ShapePopulationViewer/CMakeFiles/CMakeTmp

Run Build Command:/usr/bin/make "cmTryCompileExec331003251/fast"
/usr/bin/make -f CMakeFiles/cmTryCompileExec331003251.dir/build.make CMakeFiles/cmTryCompileExec331003251.dir/build
"/Applications/CMake 2.8-10.app/Contents/bin/cmake" -E cmake_progress_report /Users/michaelguarino/ShapePopulationViewer/CMakeFiles/CMakeTmp/CMakeFiles 1
Building CXX object CMakeFiles/cmTryCompileExec331003251.dir/CheckSymbolExists.cxx.o
/usr/bin/c++    -Wno-deprecated -mlong-branch   -F/Library/Frameworks    -o CMakeFiles/cmTryCompileExec331003251.dir/CheckSymbolExists.cxx.o -c /Users/michaelguarino/ShapePopulationViewer/CMakeFiles/CMakeTmp/CheckSymbolExists.cxx
/Users/michaelguarino/ShapePopulationViewer/CMakeFiles/CMakeTmp/CheckSymbolExists.cxx: In function ‘int main(int, char**)’:
/Users/michaelguarino/ShapePopulationViewer/CMakeFiles/CMakeTmp/CheckSymbolExists.cxx:8: error: ‘Q_WS_QWS’ was not declared in this scope
make[1]: *** [CMakeFiles/cmTryCompileExec331003251.dir/CheckSymbolExists.cxx.o] Error 1
make: *** [cmTryCompileExec331003251/fast] Error 2

File /Users/michaelguarino/ShapePopulationViewer/CMakeFiles/CMakeTmp/CheckSymbolExists.cxx:
/* */
#include <QtCore/qglobal.h>

int main(int argc, char** argv)
{
  (void)argv;
#ifndef Q_WS_QWS
  return ((int*)(&Q_WS_QWS))[argc];
#else
  (void)argc;
  return 0;
#endif
}

